<?xml version="1.0" encoding="UTF-8"?>
<!-- Generated by org.testng.reporters.JUnitXMLReporter -->
<testsuite ignored="33" hostname="TEST-010" failures="3" tests="15" name="Test(failed)" time="219.263" errors="0" timestamp="2023-03-08T16:27:17 IST">
  <testcase classname="CompanyScripts.compEmployeesScripts" name="InviteWithEmail_send" time="8.166">
    <skipped/>
  </testcase> <!-- InviteWithEmail_send -->
  <testcase classname="CompanyScripts.compEmployeesScripts" name="InviteWithEmail_send" time="7.384"/>
  <testcase classname="CompanyScripts.compNewsFeed_Home" name="Delete_Post" time="13.812">
    <skipped/>
  </testcase> <!-- Delete_Post -->
  <testcase classname="CompanyScripts.compNewsFeed_Home" name="Delete_Post" time="13.154"/>
  <testcase classname="CompanyScripts.compCreatePostScripts" name="upload_FivePlus_Images" time="19.971">
    <skipped/>
  </testcase> <!-- upload_FivePlus_Images -->
  <testcase classname="CompanyScripts.compCreatePostScripts" name="upload_FivePlus_Images" time="19.699">
    <skipped/>
  </testcase> <!-- upload_FivePlus_Images -->
  <testcase classname="CompanyScripts.compCreatePostScripts" name="upload_FivePlus_Images" time="18.58"/>
  <testcase classname="CompanyScripts.compCreatePostScripts" name="public_Share_holder" time="7.096"/>
  <testcase classname="CompanyScripts.compCreatePostScripts" name="public_ALL_Emp_Part_Share" time="5.773">
    <skipped/>
  </testcase> <!-- public_ALL_Emp_Part_Share -->
  <testcase classname="CompanyScripts.compCreatePostScripts" name="public_ALL_Emp_Part_Share" time="6.999"/>
  <testcase classname="CompanyScripts.compCreatePostScripts" name="UploadImageAndCancel" time="7.205">
    <skipped/>
  </testcase> <!-- UploadImageAndCancel -->
  <testcase classname="CompanyScripts.compCreatePostScripts" name="UploadImageAndCancel" time="6.616"/>
  <testcase classname="CompanyScripts.ConfigureDeptScripts" name="create_Dept" time="7.574">
    <failure type="org.openqa.selenium.ElementNotInteractableException" message="element not interactable
  (Session info: chrome=110.0.5481.178)
Build info: version: &amp;apos;3.141.59&amp;apos;, revision: &amp;apos;e82be7d358&amp;apos;, time: &amp;apos;2018-11-14T08:17:03&amp;apos;
System info: host: &amp;apos;TEST-010&amp;apos;, ip: &amp;apos;172.16.16.34&amp;apos;, os.name: &amp;apos;Windows 10&amp;apos;, os.arch: &amp;apos;amd64&amp;apos;, os.version: &amp;apos;10.0&amp;apos;, java.version: &amp;apos;17.0.5&amp;apos;
Driver info: org.openqa.selenium.chrome.ChromeDriver
Capabilities {acceptInsecureCerts: false, browserName: chrome, browserVersion: 110.0.5481.178, chrome: {chromedriverVersion: 110.0.5481.77 (65ed616c6e8e..., userDataDir: C:\Users\SOHEL~1.TES\AppDat...}, goog:chromeOptions: {debuggerAddress: localhost:50626}, javascriptEnabled: true, networkConnectionEnabled: false, pageLoadStrategy: normal, platform: WINDOWS, platformName: WINDOWS, proxy: Proxy(), setWindowRect: true, strictFileInteractability: false, timeouts: {implicit: 0, pageLoad: 300000, script: 30000}, unhandledPromptBehavior: dismiss and notify, webauthn:extension:credBlob: true, webauthn:extension:largeBlob: true, webauthn:virtualAuthenticators: true}
Session ID: fb10c7c7f3cf069ed5da4e8ca3474a6d">
      <![CDATA[org.openqa.selenium.ElementNotInteractableException: element not interactable
  (Session info: chrome=110.0.5481.178)
Build info: version: '3.141.59', revision: 'e82be7d358', time: '2018-11-14T08:17:03'
System info: host: 'TEST-010', ip: '172.16.16.34', os.name: 'Windows 10', os.arch: 'amd64', os.version: '10.0', java.version: '17.0.5'
Driver info: org.openqa.selenium.chrome.ChromeDriver
Capabilities {acceptInsecureCerts: false, browserName: chrome, browserVersion: 110.0.5481.178, chrome: {chromedriverVersion: 110.0.5481.77 (65ed616c6e8e..., userDataDir: C:\Users\SOHEL~1.TES\AppDat...}, goog:chromeOptions: {debuggerAddress: localhost:50626}, javascriptEnabled: true, networkConnectionEnabled: false, pageLoadStrategy: normal, platform: WINDOWS, platformName: WINDOWS, proxy: Proxy(), setWindowRect: true, strictFileInteractability: false, timeouts: {implicit: 0, pageLoad: 300000, script: 30000}, unhandledPromptBehavior: dismiss and notify, webauthn:extension:credBlob: true, webauthn:extension:largeBlob: true, webauthn:virtualAuthenticators: true}
Session ID: fb10c7c7f3cf069ed5da4e8ca3474a6d
at org.openqa.selenium.remote.http.W3CHttpResponseCodec.createException(W3CHttpResponseCodec.java:187)
at org.openqa.selenium.remote.http.W3CHttpResponseCodec.decode(W3CHttpResponseCodec.java:122)
at org.openqa.selenium.remote.http.W3CHttpResponseCodec.decode(W3CHttpResponseCodec.java:49)
at org.openqa.selenium.remote.HttpCommandExecutor.execute(HttpCommandExecutor.java:158)
at org.openqa.selenium.remote.service.DriverCommandExecutor.execute(DriverCommandExecutor.java:83)
at org.openqa.selenium.remote.RemoteWebDriver.execute(RemoteWebDriver.java:552)
at org.openqa.selenium.remote.RemoteWebElement.execute(RemoteWebElement.java:285)
at org.openqa.selenium.remote.RemoteWebElement.sendKeys(RemoteWebElement.java:106)
at org.openqa.selenium.support.pagefactory.internal.LocatingElementHandler.invoke(LocatingElementHandler.java:51)
at jdk.proxy2/jdk.proxy2.$Proxy12.sendKeys(Unknown Source)
at pomPages.configurationPage.searchDeptField(configurationPage.java:70)
at CompanyScripts.ConfigureDeptScripts.create_Dept(ConfigureDeptScripts.java:29)
at java.base/java.util.ArrayList.forEach(ArrayList.java:1511)
... Removed 35 stack frames]]>
    </failure>
  </testcase> <!-- create_Dept -->
  <testcase classname="CompanyScripts.ConfigureDeptScripts" name="Edit_Dept" time="4.984">
    <failure type="org.openqa.selenium.ElementNotInteractableException" message="element not interactable
  (Session info: chrome=110.0.5481.178)
Build info: version: &amp;apos;3.141.59&amp;apos;, revision: &amp;apos;e82be7d358&amp;apos;, time: &amp;apos;2018-11-14T08:17:03&amp;apos;
System info: host: &amp;apos;TEST-010&amp;apos;, ip: &amp;apos;172.16.16.34&amp;apos;, os.name: &amp;apos;Windows 10&amp;apos;, os.arch: &amp;apos;amd64&amp;apos;, os.version: &amp;apos;10.0&amp;apos;, java.version: &amp;apos;17.0.5&amp;apos;
Driver info: org.openqa.selenium.chrome.ChromeDriver
Capabilities {acceptInsecureCerts: false, browserName: chrome, browserVersion: 110.0.5481.178, chrome: {chromedriverVersion: 110.0.5481.77 (65ed616c6e8e..., userDataDir: C:\Users\SOHEL~1.TES\AppDat...}, goog:chromeOptions: {debuggerAddress: localhost:50664}, javascriptEnabled: true, networkConnectionEnabled: false, pageLoadStrategy: normal, platform: WINDOWS, platformName: WINDOWS, proxy: Proxy(), setWindowRect: true, strictFileInteractability: false, timeouts: {implicit: 0, pageLoad: 300000, script: 30000}, unhandledPromptBehavior: dismiss and notify, webauthn:extension:credBlob: true, webauthn:extension:largeBlob: true, webauthn:virtualAuthenticators: true}
Session ID: e052cf406e18eb49f9dd073a57761fcd">
      <![CDATA[org.openqa.selenium.ElementNotInteractableException: element not interactable
  (Session info: chrome=110.0.5481.178)
Build info: version: '3.141.59', revision: 'e82be7d358', time: '2018-11-14T08:17:03'
System info: host: 'TEST-010', ip: '172.16.16.34', os.name: 'Windows 10', os.arch: 'amd64', os.version: '10.0', java.version: '17.0.5'
Driver info: org.openqa.selenium.chrome.ChromeDriver
Capabilities {acceptInsecureCerts: false, browserName: chrome, browserVersion: 110.0.5481.178, chrome: {chromedriverVersion: 110.0.5481.77 (65ed616c6e8e..., userDataDir: C:\Users\SOHEL~1.TES\AppDat...}, goog:chromeOptions: {debuggerAddress: localhost:50664}, javascriptEnabled: true, networkConnectionEnabled: false, pageLoadStrategy: normal, platform: WINDOWS, platformName: WINDOWS, proxy: Proxy(), setWindowRect: true, strictFileInteractability: false, timeouts: {implicit: 0, pageLoad: 300000, script: 30000}, unhandledPromptBehavior: dismiss and notify, webauthn:extension:credBlob: true, webauthn:extension:largeBlob: true, webauthn:virtualAuthenticators: true}
Session ID: e052cf406e18eb49f9dd073a57761fcd
at org.openqa.selenium.remote.http.W3CHttpResponseCodec.createException(W3CHttpResponseCodec.java:187)
at org.openqa.selenium.remote.http.W3CHttpResponseCodec.decode(W3CHttpResponseCodec.java:122)
at org.openqa.selenium.remote.http.W3CHttpResponseCodec.decode(W3CHttpResponseCodec.java:49)
at org.openqa.selenium.remote.HttpCommandExecutor.execute(HttpCommandExecutor.java:158)
at org.openqa.selenium.remote.service.DriverCommandExecutor.execute(DriverCommandExecutor.java:83)
at org.openqa.selenium.remote.RemoteWebDriver.execute(RemoteWebDriver.java:552)
at org.openqa.selenium.remote.RemoteWebElement.execute(RemoteWebElement.java:285)
at org.openqa.selenium.remote.RemoteWebElement.sendKeys(RemoteWebElement.java:106)
at org.openqa.selenium.support.pagefactory.internal.LocatingElementHandler.invoke(LocatingElementHandler.java:51)
at jdk.proxy2/jdk.proxy2.$Proxy12.sendKeys(Unknown Source)
at pomPages.configurationPage.searchDeptField(configurationPage.java:70)
at CompanyScripts.ConfigureDeptScripts.Edit_Dept(ConfigureDeptScripts.java:60)
at java.base/java.util.ArrayList.forEach(ArrayList.java:1511)
... Removed 35 stack frames]]>
    </failure>
  </testcase> <!-- Edit_Dept -->
  <testcase classname="CompanyScripts.ConfigureDeptScripts" name="Delete_Dept" time="5.032">
    <failure type="org.openqa.selenium.ElementNotInteractableException" message="element not interactable
  (Session info: chrome=110.0.5481.178)
Build info: version: &amp;apos;3.141.59&amp;apos;, revision: &amp;apos;e82be7d358&amp;apos;, time: &amp;apos;2018-11-14T08:17:03&amp;apos;
System info: host: &amp;apos;TEST-010&amp;apos;, ip: &amp;apos;172.16.16.34&amp;apos;, os.name: &amp;apos;Windows 10&amp;apos;, os.arch: &amp;apos;amd64&amp;apos;, os.version: &amp;apos;10.0&amp;apos;, java.version: &amp;apos;17.0.5&amp;apos;
Driver info: org.openqa.selenium.chrome.ChromeDriver
Capabilities {acceptInsecureCerts: false, browserName: chrome, browserVersion: 110.0.5481.178, chrome: {chromedriverVersion: 110.0.5481.77 (65ed616c6e8e..., userDataDir: C:\Users\SOHEL~1.TES\AppDat...}, goog:chromeOptions: {debuggerAddress: localhost:50697}, javascriptEnabled: true, networkConnectionEnabled: false, pageLoadStrategy: normal, platform: WINDOWS, platformName: WINDOWS, proxy: Proxy(), setWindowRect: true, strictFileInteractability: false, timeouts: {implicit: 0, pageLoad: 300000, script: 30000}, unhandledPromptBehavior: dismiss and notify, webauthn:extension:credBlob: true, webauthn:extension:largeBlob: true, webauthn:virtualAuthenticators: true}
Session ID: f6e91adcee76d7b43679f566d198442a">
      <![CDATA[org.openqa.selenium.ElementNotInteractableException: element not interactable
  (Session info: chrome=110.0.5481.178)
Build info: version: '3.141.59', revision: 'e82be7d358', time: '2018-11-14T08:17:03'
System info: host: 'TEST-010', ip: '172.16.16.34', os.name: 'Windows 10', os.arch: 'amd64', os.version: '10.0', java.version: '17.0.5'
Driver info: org.openqa.selenium.chrome.ChromeDriver
Capabilities {acceptInsecureCerts: false, browserName: chrome, browserVersion: 110.0.5481.178, chrome: {chromedriverVersion: 110.0.5481.77 (65ed616c6e8e..., userDataDir: C:\Users\SOHEL~1.TES\AppDat...}, goog:chromeOptions: {debuggerAddress: localhost:50697}, javascriptEnabled: true, networkConnectionEnabled: false, pageLoadStrategy: normal, platform: WINDOWS, platformName: WINDOWS, proxy: Proxy(), setWindowRect: true, strictFileInteractability: false, timeouts: {implicit: 0, pageLoad: 300000, script: 30000}, unhandledPromptBehavior: dismiss and notify, webauthn:extension:credBlob: true, webauthn:extension:largeBlob: true, webauthn:virtualAuthenticators: true}
Session ID: f6e91adcee76d7b43679f566d198442a
at org.openqa.selenium.remote.http.W3CHttpResponseCodec.createException(W3CHttpResponseCodec.java:187)
at org.openqa.selenium.remote.http.W3CHttpResponseCodec.decode(W3CHttpResponseCodec.java:122)
at org.openqa.selenium.remote.http.W3CHttpResponseCodec.decode(W3CHttpResponseCodec.java:49)
at org.openqa.selenium.remote.HttpCommandExecutor.execute(HttpCommandExecutor.java:158)
at org.openqa.selenium.remote.service.DriverCommandExecutor.execute(DriverCommandExecutor.java:83)
at org.openqa.selenium.remote.RemoteWebDriver.execute(RemoteWebDriver.java:552)
at org.openqa.selenium.remote.RemoteWebElement.execute(RemoteWebElement.java:285)
at org.openqa.selenium.remote.RemoteWebElement.sendKeys(RemoteWebElement.java:106)
at org.openqa.selenium.support.pagefactory.internal.LocatingElementHandler.invoke(LocatingElementHandler.java:51)
at jdk.proxy2/jdk.proxy2.$Proxy12.sendKeys(Unknown Source)
at pomPages.configurationPage.searchDeptField(configurationPage.java:70)
at CompanyScripts.ConfigureDeptScripts.Delete_Dept(ConfigureDeptScripts.java:95)
at java.base/java.util.ArrayList.forEach(ArrayList.java:1511)
... Removed 35 stack frames]]>
    </failure>
  </testcase> <!-- Delete_Dept -->
  <testcase classname="CompanyScripts.compEmployeesScripts" name="Pendinf_Approve_Cancel" time="0.0">
    <ignored/>
  </testcase> <!-- Pendinf_Approve_Cancel -->
  <testcase classname="CompanyScripts.compEmployeesScripts" name="createEmployeeValid_Cancel" time="0.0">
    <ignored/>
  </testcase> <!-- createEmployeeValid_Cancel -->
  <testcase classname="CompanyScripts.compEmployeesScripts" name="EmployeeProfile_NewsFeed" time="0.0">
    <ignored/>
  </testcase> <!-- EmployeeProfile_NewsFeed -->
  <testcase classname="CompanyScripts.compEmployeesScripts" name="InviteWithEmail_Cancel" time="0.0">
    <ignored/>
  </testcase> <!-- InviteWithEmail_Cancel -->
  <testcase classname="CompanyScripts.compNewsFeed_Home" name="BookmaarkPost_share" time="0.0">
    <ignored/>
  </testcase> <!-- BookmaarkPost_share -->
  <testcase classname="CompanyScripts.compNewsFeed_Home" name="Add_to_bookmark" time="0.0">
    <ignored/>
  </testcase> <!-- Add_to_bookmark -->
  <testcase classname="CompanyScripts.compEmployeesScripts" name="Edit_Official_Details" time="0.0">
    <ignored/>
  </testcase> <!-- Edit_Official_Details -->
  <testcase classname="CompanyScripts.compEmployeesScripts" name="createEmployeeValid_Add" time="0.0">
    <ignored/>
  </testcase> <!-- createEmployeeValid_Add -->
  <testcase classname="CompanyScripts.compEmployeesScripts" name="SortBy_Filter" time="0.0">
    <ignored/>
  </testcase> <!-- SortBy_Filter -->
  <testcase classname="CompanyScripts.compCreatePostScripts" name="public_ALL_Man_Vend_Dist" time="0.0">
    <ignored/>
  </testcase> <!-- public_ALL_Man_Vend_Dist -->
  <testcase classname="CompanyScripts.compCreatePostScripts" name="UploadText" time="0.0">
    <ignored/>
  </testcase> <!-- UploadText -->
  <testcase classname="CompanyScripts.compEmployeesScripts" name="EmployeeProfile" time="0.0">
    <ignored/>
  </testcase> <!-- EmployeeProfile -->
  <testcase classname="CompanyScripts.compEmployeesScripts" name="createEmployeeInvalidDetails" time="0.0">
    <ignored/>
  </testcase> <!-- createEmployeeInvalidDetails -->
  <testcase classname="CompanyScripts.compNewsFeed_Home" name="Play_Posted_Video" time="0.0">
    <ignored/>
  </testcase> <!-- Play_Posted_Video -->
  <testcase classname="CompanyScripts.compNewsFeed_Home" name="BookmaarkPost_Like" time="0.0">
    <ignored/>
  </testcase> <!-- BookmaarkPost_Like -->
  <testcase classname="CompanyScripts.compCreatePostScripts" name="upload_Five_Images" time="0.0">
    <ignored/>
  </testcase> <!-- upload_Five_Images -->
  <testcase classname="CompanyScripts.compEmployeesScripts" name="ChangeRoleAs_Employee" time="0.0">
    <ignored/>
  </testcase> <!-- ChangeRoleAs_Employee -->
  <testcase classname="CompanyScripts.compCreatePostScripts" name="UploadImage" time="0.0">
    <ignored/>
  </testcase> <!-- UploadImage -->
  <testcase classname="CompanyScripts.compCreatePostScripts" name="public_Distribtor" time="0.0">
    <ignored/>
  </testcase> <!-- public_Distribtor -->
  <testcase classname="CompanyScripts.compNewsFeed_Home" name="BookmaarkPost_Comment" time="0.0">
    <ignored/>
  </testcase> <!-- BookmaarkPost_Comment -->
  <testcase classname="CompanyScripts.compCreatePostScripts" name="Upload_youtube_Url" time="0.0">
    <ignored/>
  </testcase> <!-- Upload_youtube_Url -->
  <testcase classname="CompanyScripts.compCreatePostScripts" name="public_Vendor" time="0.0">
    <ignored/>
  </testcase> <!-- public_Vendor -->
  <testcase classname="CompanyScripts.compNewsFeed_Home" name="Edit_Post" time="0.0">
    <ignored/>
  </testcase> <!-- Edit_Post -->
  <testcase classname="CompanyScripts.compNewsFeed_Home" name="ScrollFeedUntilLoadmore" time="0.0">
    <ignored/>
  </testcase> <!-- ScrollFeedUntilLoadmore -->
  <testcase classname="CompanyScripts.compNewsFeed_Home" name="searchFeedwithCompany" time="0.0">
    <ignored/>
  </testcase> <!-- searchFeedwithCompany -->
  <testcase classname="CompanyScripts.compCreatePostScripts" name="UploadVideo" time="0.0">
    <ignored/>
  </testcase> <!-- UploadVideo -->
  <testcase classname="CompanyScripts.compCreatePostScripts" name="Status_archieve" time="0.0">
    <ignored/>
  </testcase> <!-- Status_archieve -->
  <testcase classname="CompanyScripts.compEmployeesScripts" name="ChangeRoleAs_Admin" time="0.0">
    <ignored/>
  </testcase> <!-- ChangeRoleAs_Admin -->
  <testcase classname="CompanyScripts.compNewsFeed_Home" name="LikeAndShareFeedPost" time="0.0">
    <ignored/>
  </testcase> <!-- LikeAndShareFeedPost -->
  <testcase classname="CompanyScripts.compCreatePostScripts" name="public_Manaufacturer" time="0.0">
    <ignored/>
  </testcase> <!-- public_Manaufacturer -->
  <testcase classname="CompanyScripts.compCreatePostScripts" name="public_Employees" time="0.0">
    <ignored/>
  </testcase> <!-- public_Employees -->
  <testcase classname="CompanyScripts.compEmployeesScripts" name="Pendinf_rejected" time="0.0">
    <ignored/>
  </testcase> <!-- Pendinf_rejected -->
  <testcase classname="CompanyScripts.compEmployeesScripts" name="Pending_reject_Cancel" time="0.0">
    <ignored/>
  </testcase> <!-- Pending_reject_Cancel -->
</testsuite> <!-- Test(failed) -->
