<?xml version="1.0" encoding="UTF-8"?>
<!-- Generated by org.testng.reporters.JUnitReportReporter -->
<testsuite hostname="TEST-010" failures="1" tests="19" name="scripts.createPostScripts" time="267.201" errors="0" timestamp="2023-02-15T18:05:35 IST" skipped="4">
  <testcase classname="scripts.createPostScripts" name="UploadText" time="13.716"/>
  <system-out/>
  <testcase classname="scripts.createPostScripts" name="UploadText" time="15.049">
    <skipped/>
  </testcase> <!-- UploadText -->
  <system-out/>
  <testcase classname="scripts.createPostScripts" name="UploadImage" time="11.218"/>
  <system-out/>
  <testcase classname="scripts.createPostScripts" name="UploadVideo" time="14.156"/>
  <system-out/>
  <testcase classname="scripts.createPostScripts" name="Upload_youtube_Url" time="13.718"/>
  <system-out/>
  <testcase classname="scripts.createPostScripts" name="upload_Five_Images" time="19.644"/>
  <system-out/>
  <testcase classname="scripts.createPostScripts" name="upload_FivePlus_Images" time="22.907"/>
  <system-out/>
  <testcase classname="scripts.createPostScripts" name="UploadVideo_Multiple" time="16.757">
    <skipped/>
  </testcase> <!-- UploadVideo_Multiple -->
  <system-out/>
  <testcase classname="scripts.createPostScripts" name="UploadVideo_Multiple" time="16.555">
    <skipped/>
  </testcase> <!-- UploadVideo_Multiple -->
  <system-out/>
  <testcase classname="scripts.createPostScripts" name="UploadVideo_Multiple" time="15.963">
    <failure message="expected [Upload Count : 2] but found [Upload Count : 1]" type="java.lang.AssertionError">
      <![CDATA[java.lang.AssertionError: expected [Upload Count : 2] but found [Upload Count : 1]
at org.testng.Assert.fail(Assert.java:99)
at org.testng.Assert.failNotEquals(Assert.java:1037)
at org.testng.Assert.assertEqualsImpl(Assert.java:140)
at org.testng.Assert.assertEquals(Assert.java:122)
at org.testng.Assert.assertEquals(Assert.java:629)
at org.testng.Assert.assertEquals(Assert.java:639)
at scripts.createPostScripts.UploadVideo_Multiple(createPostScripts.java:215)
at java.base/jdk.internal.reflect.NativeMethodAccessorImpl.invoke0(Native Method)
at java.base/jdk.internal.reflect.NativeMethodAccessorImpl.invoke(NativeMethodAccessorImpl.java:77)
at java.base/jdk.internal.reflect.DelegatingMethodAccessorImpl.invoke(DelegatingMethodAccessorImpl.java:43)
at java.base/java.lang.reflect.Method.invoke(Method.java:568)
at org.testng.internal.MethodInvocationHelper.invokeMethod(MethodInvocationHelper.java:133)
at org.testng.internal.TestInvoker.invokeMethod(TestInvoker.java:598)
at org.testng.internal.TestInvoker.retryFailed(TestInvoker.java:213)
at org.testng.internal.MethodRunner.runInSequence(MethodRunner.java:58)
at org.testng.internal.TestInvoker$MethodInvocationAgent.invoke(TestInvoker.java:824)
at org.testng.internal.TestInvoker.invokeTestMethods(TestInvoker.java:146)
at org.testng.internal.TestMethodWorker.invokeTestMethods(TestMethodWorker.java:146)
at org.testng.internal.TestMethodWorker.run(TestMethodWorker.java:128)
at java.base/java.util.ArrayList.forEach(ArrayList.java:1511)
at org.testng.TestRunner.privateRun(TestRunner.java:794)
at org.testng.TestRunner.run(TestRunner.java:596)
at org.testng.SuiteRunner.runTest(SuiteRunner.java:377)
at org.testng.SuiteRunner.runSequentially(SuiteRunner.java:371)
at org.testng.SuiteRunner.privateRun(SuiteRunner.java:332)
at org.testng.SuiteRunner.run(SuiteRunner.java:276)
at org.testng.SuiteRunnerWorker.runSuite(SuiteRunnerWorker.java:53)
at org.testng.SuiteRunnerWorker.run(SuiteRunnerWorker.java:96)
at org.testng.TestNG.runSuitesSequentially(TestNG.java:1212)
at org.testng.TestNG.runSuitesLocally(TestNG.java:1134)
at org.testng.TestNG.runSuites(TestNG.java:1063)
at org.testng.TestNG.run(TestNG.java:1031)
at org.testng.remote.AbstractRemoteTestNG.run(AbstractRemoteTestNG.java:115)
at org.testng.remote.RemoteTestNG.initAndRun(RemoteTestNG.java:251)
at org.testng.remote.RemoteTestNG.main(RemoteTestNG.java:77)
]]>
    </failure>
  </testcase> <!-- UploadVideo_Multiple -->
  <system-out/>
  <testcase classname="scripts.createPostScripts" name="UploadVideo_Multiple" time="16.735">
    <skipped/>
  </testcase> <!-- UploadVideo_Multiple -->
  <system-out/>
  <testcase classname="scripts.createPostScripts" name="public_Employees" time="9.122"/>
  <system-out/>
  <testcase classname="scripts.createPostScripts" name="public_Manaufacturer" time="9.498"/>
  <system-out/>
  <testcase classname="scripts.createPostScripts" name="public_Share_holder" time="12.412"/>
  <system-out/>
  <testcase classname="scripts.createPostScripts" name="public_Vendor" time="9.745"/>
  <system-out/>
  <testcase classname="scripts.createPostScripts" name="public_ALL_Man_Vend_Dist" time="12.593"/>
  <system-out/>
  <testcase classname="scripts.createPostScripts" name="public_ALL_Emp_Part_Share" time="13.463"/>
  <system-out/>
  <testcase classname="scripts.createPostScripts" name="Status_archieve" time="14.425"/>
  <system-out/>
  <testcase classname="scripts.createPostScripts" name="UploadImageAndCancel" time="9.525"/>
  <system-out/>
</testsuite> <!-- scripts.createPostScripts -->
